[   55911ms] [ERROR] Error: Route "/dev/color": Uncached data or `connection()` was accessed outside of `<Suspense>`. This delays the entire page from rendering, resulting in a slow user experience. Learn more: https://nextjs.org/docs/messages/blocking-route
    at app_render_App (<anonymous>:1:23)
    at resolveErrorDev (http://localhost:3000/_next/static/chunks/4d3ea_next_dist_compiled_react-server-dom-turbopack_824af3fc._.js:1881:106)
    at getOutlinedModel (http://localhost:3000/_next/static/chunks/4d3ea_next_dist_compiled_react-server-dom-turbopack_824af3fc._.js:1434:28)
    at parseModelString (http://localhost:3000/_next/static/chunks/4d3ea_next_dist_compiled_react-server-dom-turbopack_824af3fc._.js:1548:50)
    at Array.<anonymous> (http://localhost:3000/_next/static/chunks/4d3ea_next_dist_compiled_react-server-dom-turbopack_824af3fc._.js:2472:51)
    at JSON.parse (<anonymous>)
    at initializeModelChunk (http://localhost:3000/_next/static/chunks/4d3ea_next_dist_compiled_react-server-dom-turbopack_824af3fc._.js:1053:30)
    at resolveModelChunk (http://localhost:3000/_next/static/chunks/4d3ea_next_dist_compiled_react-server-dom-turbopack_824af3fc._.js:958:43)
    at processFullStringRow (http://localhost:3000/_next/static/chunks/4d3ea_next_dist_compiled_react-server-dom-turbopack_824af3fc._.js:2428:126)
    at processFullBinaryRow (http://localhost:3000/_next/static/chunks/4d3ea_next_dist_compiled_react-server-dom-turbopack_824af3fc._.js:2348:9)
    at processBinaryChunk (http://localhost:3000/_next/static/chunks/4d3ea_next_dist_compiled_react-server-dom-turbopack_824af3fc._.js:2457:221)
    at progress (http://localhost:3000/_next/static/chunks/4d3ea_next_dist_compiled_react-server-dom-turbopack_824af3fc._.js:2625:13) @ http://localhost:3000/_next/static/chunks/4d3ea_next_dist_6aa09a89._.js:3127
[  161947ms] [ERROR] WebSocket connection to 'ws://localhost:3000/_next/webpack-hmr?id=XuAaZf_B1xautfZrIfTAx' failed: Error in connection establishment: net::ERR_CONNECTION_REFUSED @ http://localhost:3000/_next/static/chunks/4d3ea_next_dist_client_387e6062._.js:10876
[  162948ms] [ERROR] WebSocket connection to 'ws://localhost:3000/_next/webpack-hmr?id=XuAaZf_B1xautfZrIfTAx' failed: Error in connection establishment: net::ERR_CONNECTION_REFUSED @ http://localhost:3000/_next/static/chunks/4d3ea_next_dist_client_387e6062._.js:10876
[  163949ms] [ERROR] WebSocket connection to 'ws://localhost:3000/_next/webpack-hmr?id=XuAaZf_B1xautfZrIfTAx' failed: Error in connection establishment: net::ERR_CONNECTION_REFUSED @ http://localhost:3000/_next/static/chunks/4d3ea_next_dist_client_387e6062._.js:10876
[  164950ms] [ERROR] WebSocket connection to 'ws://localhost:3000/_next/webpack-hmr?id=XuAaZf_B1xautfZrIfTAx' failed: Error in connection establishment: net::ERR_CONNECTION_REFUSED @ http://localhost:3000/_next/static/chunks/4d3ea_next_dist_client_387e6062._.js:10876
[  165951ms] [ERROR] WebSocket connection to 'ws://localhost:3000/_next/webpack-hmr?id=XuAaZf_B1xautfZrIfTAx' failed: Error in connection establishment: net::ERR_CONNECTION_REFUSED @ http://localhost:3000/_next/static/chunks/4d3ea_next_dist_client_387e6062._.js:10876
[  170952ms] [ERROR] WebSocket connection to 'ws://localhost:3000/_next/webpack-hmr?id=XuAaZf_B1xautfZrIfTAx' failed: Error in connection establishment: net::ERR_CONNECTION_REFUSED @ http://localhost:3000/_next/static/chunks/4d3ea_next_dist_client_387e6062._.js:10876
[  175953ms] [ERROR] WebSocket connection to 'ws://localhost:3000/_next/webpack-hmr?id=XuAaZf_B1xautfZrIfTAx' failed: Error in connection establishment: net::ERR_CONNECTION_REFUSED @ http://localhost:3000/_next/static/chunks/4d3ea_next_dist_client_387e6062._.js:10876
[  180954ms] [ERROR] WebSocket connection to 'ws://localhost:3000/_next/webpack-hmr?id=XuAaZf_B1xautfZrIfTAx' failed: Error in connection establishment: net::ERR_CONNECTION_REFUSED @ http://localhost:3000/_next/static/chunks/4d3ea_next_dist_client_387e6062._.js:10876
[  185955ms] [ERROR] WebSocket connection to 'ws://localhost:3000/_next/webpack-hmr?id=XuAaZf_B1xautfZrIfTAx' failed: Error in connection establishment: net::ERR_CONNECTION_REFUSED @ http://localhost:3000/_next/static/chunks/4d3ea_next_dist_client_387e6062._.js:10876
[  190956ms] [ERROR] WebSocket connection to 'ws://localhost:3000/_next/webpack-hmr?id=XuAaZf_B1xautfZrIfTAx' failed: Error in connection establishment: net::ERR_CONNECTION_REFUSED @ http://localhost:3000/_next/static/chunks/4d3ea_next_dist_client_387e6062._.js:10876
[  195957ms] [ERROR] WebSocket connection to 'ws://localhost:3000/_next/webpack-hmr?id=XuAaZf_B1xautfZrIfTAx' failed: Error in connection establishment: net::ERR_CONNECTION_REFUSED @ http://localhost:3000/_next/static/chunks/4d3ea_next_dist_client_387e6062._.js:10876
[  200958ms] [ERROR] WebSocket connection to 'ws://localhost:3000/_next/webpack-hmr?id=XuAaZf_B1xautfZrIfTAx' failed: Error in connection establishment: net::ERR_CONNECTION_REFUSED @ http://localhost:3000/_next/static/chunks/4d3ea_next_dist_client_387e6062._.js:10876
